<TAMods>
	<files channel="stable">
		<file version="0.6">!CONFIG/examples/basic_damage_numbers.lua</file>
		<file version="0.6">!CONFIG/examples/custom_projectiles.lua</file>
		<file version="0.62">!CONFIG/examples/Dots.lua</file>
		<file version="0.6">!CONFIG/examples/keybindings.lua</file>
		<file version="0.6">!CONFIG/examples/keybindings_routerec.lua</file>
		<file version="0.6">!CONFIG/examples/lol_damage_numbers.lua</file>
		<file version="0.6">!CONFIG/examples/random_route_replay.lua</file>
		<file version="0.6">!CONFIG/examples/sounds/announcer-accuracy-cpma.wav</file>
		<file version="0.6">!CONFIG/examples/sounds/announcer-accuracy-q3a.wav</file>
		<file version="0.6">!CONFIG/examples/sounds/announcer-assist-ut99.wav</file>
		<file version="0.6">!CONFIG/examples/sounds/announcer-excellent-cpma.wav</file>
		<file version="0.6">!CONFIG/examples/sounds/announcer-excellent-q3a.wav</file>
		<file version="0.6">!CONFIG/examples/sounds/announcer-firstblood-ut99.wav</file>
		<file version="0.6">!CONFIG/examples/sounds/announcer-headshot-ut99.wav</file>
		<file version="0.6">!CONFIG/examples/sounds/announcer-humiliation-cpma.wav</file>
		<file version="0.6">!CONFIG/examples/sounds/announcer-humiliation-q3a.wav</file>
		<file version="0.6">!CONFIG/examples/sounds/announcer-impressive-cpma.wav</file>
		<file version="0.6">!CONFIG/examples/sounds/announcer-impressive-q3a.wav</file>
		<file version="0.6">!CONFIG/examples/sounds/announcer-kill_01_doublekill-ut99.wav</file>
		<file version="0.6">!CONFIG/examples/sounds/announcer-kill_02_triplekill-ut99.wav</file>
		<file version="0.6">!CONFIG/examples/sounds/announcer-kill_03_multikill-ut99.wav</file>
		<file version="0.6">!CONFIG/examples/sounds/announcer-kill_04_megakill-ut99.wav</file>
		<file version="0.6">!CONFIG/examples/sounds/announcer-kill_05_ultrakill-ut99.wav</file>
		<file version="0.6">!CONFIG/examples/sounds/announcer-kill_06_monsterkill-ut99.wav</file>
		<file version="0.6">!CONFIG/examples/sounds/announcer-kill_08_holyshit-ut99.wav</file>
		<file version="0.6">!CONFIG/examples/sounds/announcer-ownage-ut99.wav</file>
		<file version="0.6">!CONFIG/examples/sounds/announcer-spree_01_killingspree-ut99.wav</file>
		<file version="0.6">!CONFIG/examples/sounds/announcer-spree_02_rampage-ut99.wav</file>
		<file version="0.6">!CONFIG/examples/sounds/announcer-spree_03_dominating-ut99.wav</file>
		<file version="0.6">!CONFIG/examples/sounds/announcer-spree_04_unstoppable-ut99.wav</file>
		<file version="0.6">!CONFIG/examples/sounds/announcer-spree_05_godlike-ut99.wav</file>
		<file version="0.6">!CONFIG/examples/sounds/flag_cap-ut99_1.wav</file>
		<file version="0.6">!CONFIG/examples/sounds/flag_cap-ut99_2.wav</file>
		<file version="0.6">!CONFIG/examples/sounds/flag_cap_blu-q3a.wav</file>
		<file version="0.6">!CONFIG/examples/sounds/flag_cap_blu-t2.wav</file>
		<file version="0.6">!CONFIG/examples/sounds/flag_cap_red-t1.wav</file>
		<file version="0.6">!CONFIG/examples/sounds/flag_cap_red-t2.wav</file>
		<file version="0.6">!CONFIG/examples/sounds/flag_drop_blu-t2.wav</file>
		<file version="0.6">!CONFIG/examples/sounds/flag_grab_blu-q3a.wav</file>
		<file version="0.6">!CONFIG/examples/sounds/flag_grab_blu-t2.wav</file>
		<file version="0.6">!CONFIG/examples/sounds/flag_pickup_blu-t2.wav</file>
		<file version="0.6">!CONFIG/examples/sounds/flag_ret_blu-q3a.wav</file>
		<file version="0.6">!CONFIG/examples/sounds/flag_ret_blu-t2.wav</file>
		<file version="0.6">!CONFIG/examples/sounds/flag_ret_red-q3a.wav</file>
		<file version="0.6">!CONFIG/examples/sounds/flag_ret_red-t1.wav</file>
		<file version="0.6">!CONFIG/examples/sounds/hit-cod_mw2.wav</file>
		<file version="0.6">!CONFIG/examples/sounds/hit-q3a.wav</file>
		<file version="0.6">!CONFIG/examples/sounds/hit-q4.wav</file>
		<file version="0.6">!CONFIG/examples/sounds/hit-reflexfps-high.wav</file>
		<file version="0.6">!CONFIG/examples/sounds/hit-reflexfps-low.wav</file>
		<file version="0.6">!CONFIG/examples/sounds/hit-reflexfps-medium.wav</file>
		<file version="0.6">!CONFIG/examples/sounds/hit-rtcw_et.wav</file>
		<file version="0.6">!CONFIG/examples/sounds/hit-ta_1.wav</file>
		<file version="0.6">!CONFIG/examples/sounds/hit-ta_2.wav</file>
		<file version="0.6">!CONFIG/examples/sounds/hit-ta_3.wav</file>
		<file version="0.6">!CONFIG/examples/sounds/hit-tf2.wav</file>
		<file version="0.6">!CONFIG/examples/sounds/hit-utcomp.wav</file>
		<file version="0.6">!CONFIG/examples/sounds/hit-warsow.wav</file>
		<file version="0.6">!CONFIG/examples/sounds/kill-ql_1.wav</file>
		<file version="0.6">!CONFIG/examples/sounds/kill-ql_2.wav</file>
		<file version="0.6">!CONFIG/examples/sounds/kill-ql_3.wav</file>
		<file version="0.6">!CONFIG/examples/sounds/kill-ql_4.wav</file>
		<file version="0.6">!CONFIG/examples/sounds/kill-ql_5.wav</file>
		<file version="0.6">!CONFIG/examples/sounds/kill-ql_6.wav</file>
		<file version="0.6">!CONFIG/examples/sounds/kill-reflexfps.wav</file>
		<file version="0.6">!CONFIG/examples/sounds/kill-ta.wav</file>
		<file version="0.6">!CONFIG/examples/sounds.lua</file>
		<file version="0.6">!CONFIG/examples/static_damage_numbers.lua</file>
		<file version="0.62">!CONFIG/presets/tomatoHud/description.txt</file>
		<file version="0.62">!CONFIG/presets/tomatoHud/hud/colors.lua</file>
		<file version="0.62">!CONFIG/presets/tomatoHud/hud/variables.lua</file>
		<file version="0.62">!CONFIG/presets/tomatoHud/hud/widgets/arena_player_spawns.lua</file>
		<file version="0.62">!CONFIG/presets/tomatoHud/hud/widgets/arena_round_scores.lua</file>
		<file version="0.62">!CONFIG/presets/tomatoHud/hud/widgets/cah_capture_points.lua</file>
		<file version="0.62">!CONFIG/presets/tomatoHud/hud/widgets/chat_vgs.lua</file>
		<file version="0.62">!CONFIG/presets/tomatoHud/hud/widgets/crosshairs.lua</file>
		<file version="0.62">!CONFIG/presets/tomatoHud/hud/widgets/flag_status.lua</file>
		<file version="0.62">!CONFIG/presets/tomatoHud/hud/widgets/game_messages.lua</file>
		<file version="0.62">!CONFIG/presets/tomatoHud/hud/widgets/game_scores.lua</file>
		<file version="0.62">!CONFIG/presets/tomatoHud/hud/widgets/game_timer.lua</file>
		<file version="0.62">!CONFIG/presets/tomatoHud/hud/widgets/generator_status.lua</file>
		<file version="0.62">!CONFIG/presets/tomatoHud/hud/widgets/healthbars.lua</file>
		<file version="0.62">!CONFIG/presets/tomatoHud/hud/widgets/health_energy.lua</file>
		<file version="0.62">!CONFIG/presets/tomatoHud/hud/widgets/kda_ping.lua</file>
		<file version="0.62">!CONFIG/presets/tomatoHud/hud/widgets/kill_feed.lua</file>
		<file version="0.62">!CONFIG/presets/tomatoHud/hud/widgets/kill_message_box.lua</file>
		<file version="0.62">!CONFIG/presets/tomatoHud/hud/widgets/rabbit_leaderboard.lua</file>
		<file version="0.62">!CONFIG/presets/tomatoHud/hud/widgets/spectators.lua</file>
		<file version="0.62">!CONFIG/presets/tomatoHud/hud/widgets/speed_bar.lua</file>
		<file version="0.62">!CONFIG/presets/tomatoHud/hud/widgets/vehicle_health_energy.lua</file>
		<file version="0.62">!CONFIG/presets/tomatoHud/hud/widgets/weapon_list.lua</file>
		<file version="0.62">!CONFIG/presets/tomatoHud/hud/_main.lua</file>
		<file version="0.62">!CONFIG/presets/tomatoHud/preset.lua</file>
		<file version="0.6">!CONFIG/presets/potatoHud/description.txt</file>
		<file version="0.6">!CONFIG/presets/potatoHud/hud/colors.lua</file>
		<file version="0.6">!CONFIG/presets/potatoHud/hud/variables.lua</file>
		<file version="0.6">!CONFIG/presets/potatoHud/hud/widgets/arena_player_spawns.lua</file>
		<file version="0.6">!CONFIG/presets/potatoHud/hud/widgets/arena_round_scores.lua</file>
		<file version="0.6">!CONFIG/presets/potatoHud/hud/widgets/cah_capture_points.lua</file>
		<file version="0.6">!CONFIG/presets/potatoHud/hud/widgets/chat_vgs.lua</file>
		<file version="0.6">!CONFIG/presets/potatoHud/hud/widgets/crosshairs.lua</file>
		<file version="0.6">!CONFIG/presets/potatoHud/hud/widgets/flag_status.lua</file>
		<file version="0.6">!CONFIG/presets/potatoHud/hud/widgets/game_messages.lua</file>
		<file version="0.6">!CONFIG/presets/potatoHud/hud/widgets/game_scores.lua</file>
		<file version="0.6">!CONFIG/presets/potatoHud/hud/widgets/game_timer.lua</file>
		<file version="0.6">!CONFIG/presets/potatoHud/hud/widgets/generator_status.lua</file>
		<file version="0.6">!CONFIG/presets/potatoHud/hud/widgets/healthbars.lua</file>
		<file version="0.6">!CONFIG/presets/potatoHud/hud/widgets/health_energy.lua</file>
		<file version="0.6">!CONFIG/presets/potatoHud/hud/widgets/kda_ping.lua</file>
		<file version="0.6">!CONFIG/presets/potatoHud/hud/widgets/kill_feed.lua</file>
		<file version="0.6">!CONFIG/presets/potatoHud/hud/widgets/kill_message_box.lua</file>
		<file version="0.6">!CONFIG/presets/potatoHud/hud/widgets/rabbit_leaderboard.lua</file>
		<file version="0.6">!CONFIG/presets/potatoHud/hud/widgets/spectators.lua</file>
		<file version="0.6">!CONFIG/presets/potatoHud/hud/widgets/vehicle_health_energy.lua</file>
		<file version="0.6">!CONFIG/presets/potatoHud/hud/widgets/weapon_list.lua</file>
		<file version="0.62">!CONFIG/presets/potatoHud/hud/_main.lua</file>
		<file version="0.6">!CONFIG/presets/potatoHud/preset.lua</file>
		<file version="0.6">!CONFIG/presets/schreq/audio/airmail.wav</file>
		<file version="0.6">!CONFIG/presets/schreq/audio/artilleryshot.wav</file>
		<file version="0.6">!CONFIG/presets/schreq/audio/blueplate.wav</file>
		<file version="0.6">!CONFIG/presets/schreq/audio/firstblood.wav</file>
		<file version="0.6">!CONFIG/presets/schreq/audio/flagblue_capture.wav</file>
		<file version="0.6">!CONFIG/presets/schreq/audio/flagblue_drop.wav</file>
		<file version="0.6">!CONFIG/presets/schreq/audio/flagblue_grab.wav</file>
		<file version="0.6">!CONFIG/presets/schreq/audio/flagblue_pickup.wav</file>
		<file version="0.6">!CONFIG/presets/schreq/audio/flagblue_return.wav</file>
		<file version="0.6">!CONFIG/presets/schreq/audio/flagred_capture.wav</file>
		<file version="0.6">!CONFIG/presets/schreq/audio/flagred_drop.wav</file>
		<file version="0.6">!CONFIG/presets/schreq/audio/flagred_grab.wav</file>
		<file version="0.6">!CONFIG/presets/schreq/audio/flagred_pickup.wav</file>
		<file version="0.6">!CONFIG/presets/schreq/audio/flagred_return.wav</file>
		<file version="0.6">!CONFIG/presets/schreq/audio/headshot.wav</file>
		<file version="0.6">!CONFIG/presets/schreq/audio/headshot2.wav</file>
		<file version="0.6">!CONFIG/presets/schreq/audio/headshotkill.wav</file>
		<file version="0.6">!CONFIG/presets/schreq/audio/hit.wav</file>
		<file version="0.6">!CONFIG/presets/schreq/audio/kill.wav</file>
		<file version="0.6">!CONFIG/presets/schreq/audio/meleekill.wav</file>
		<file version="0.6">!CONFIG/presets/schreq/audio/multikill1.wav</file>
		<file version="0.6">!CONFIG/presets/schreq/audio/multikill2.wav</file>
		<file version="0.6">!CONFIG/presets/schreq/audio/multikill3.wav</file>
		<file version="0.6">!CONFIG/presets/schreq/audio/multikill4.wav</file>
		<file version="0.6">!CONFIG/presets/schreq/audio/multikill5.wav</file>
		<file version="0.6">!CONFIG/presets/schreq/audio/roadkill.wav</file>
		<file version="0.6">!CONFIG/presets/schreq/audio/streak1.wav</file>
		<file version="0.6">!CONFIG/presets/schreq/audio/streak2.wav</file>
		<file version="0.6">!CONFIG/presets/schreq/audio/streak3.wav</file>
		<file version="0.6">!CONFIG/presets/schreq/audio/streak4.wav</file>
		<file version="0.6">!CONFIG/presets/schreq/audio/streak5.wav</file>
		<file version="0.6">!CONFIG/presets/schreq/audio/_sounds.lua</file>
		<file version="0.62">!CONFIG/presets/schreq/description.txt</file>
		<file version="0.6">!CONFIG/presets/schreq/preset.lua</file>
		<file version="0.6">!CONFIG/presets/schreq/settings/_keybinds.lua</file>
		<file version="0.6">!CONFIG/presets/schreq/settings/_mute.lua</file>
		<file version="0.62">!CONFIG/presets/schreq/settings/_settings.lua</file>
		<file version="0.6">!CONFIG/routes/TrCTF-ArxNovena_BE_LHT_Kigabit_(BtF-LeftSetup)_44s.route</file>
		<file version="0.6">!CONFIG/routes/TrCTF-ArxNovena_BE_LHT_Kigabit_(BtF-Over)_34s.route</file>
		<file version="0.6">!CONFIG/routes/TrCTF-ArxNovena_BE_LHT_Kigabit_(BtF-Under)_30s.route</file>
		<file version="0.6">!CONFIG/routes/TrCTF-ArxNovena_BE_LHT_Kigabit_(FtB)_25s.route</file>
		<file version="0.6">!CONFIG/routes/TrCTF-ArxNovena_BE_LHT_Kigabit_(LtR-Over)_28s.route</file>
		<file version="0.6">!CONFIG/routes/TrCTF-ArxNovena_BE_LHT_Kigabit_(LtR-Under)_28s.route</file>
		<file version="0.6">!CONFIG/routes/TrCTF-ArxNovena_BE_LHT_Kigabit_(RtL)_38s.route</file>
		<file version="0.6">!CONFIG/routes/TrCTF-ArxNovena_BE_LHT_Kigabit_(Shoulder)_29s.route</file>
		<file version="0.6">!CONFIG/routes/TrCTF-BellaOmega_BE_LHT_Kigabit_(BtF-CloseSpawn)_31s.route</file>
		<file version="0.6">!CONFIG/routes/TrCTF-BellaOmega_BE_LHT_Kigabit_(BtF-FarSpawn)_36s.route</file>
		<file version="0.6">!CONFIG/routes/TrCTF-BellaOmega_BE_LHT_Kigabit_(FtB-BounceReturn)_36s.route</file>
		<file version="0.6">!CONFIG/routes/TrCTF-BellaOmega_BE_LHT_Kigabit_(LtR-BounceReturn)_42s.route</file>
		<file version="0.6">!CONFIG/routes/TrCTF-BellaOmega_BE_LHT_Kigabit_(RtL-StandardBounce)_43s.route</file>
		<file version="0.6">!CONFIG/routes/TrCTF-CanyonCrusadeRev_BE_LHT_Kigabit_(BackRightBounce)_32s.route</file>
		<file version="0.6">!CONFIG/routes/TrCTF-CanyonCrusadeRev_BE_LHT_Kigabit_(BtF-BackLeftBowl)_47s.route</file>
		<file version="0.6">!CONFIG/routes/TrCTF-CanyonCrusadeRev_BE_LHT_Kigabit_(BtF-BackRightBowl)_43s.route</file>
		<file version="0.6">!CONFIG/routes/TrCTF-CanyonCrusadeRev_BE_LHT_Kigabit_(BtF-High)_47s.route</file>
		<file version="0.6">!CONFIG/routes/TrCTF-CanyonCrusadeRev_BE_LHT_Kigabit_(FrontRightBounce)_28s.route</file>
		<file version="0.6">!CONFIG/routes/TrCTF-CanyonCrusadeRev_BE_LHT_Kigabit_(LtR-400Bounce)_54s.route</file>
		<file version="0.6">!CONFIG/routes/TrCTF-CanyonCrusadeRev_DS_LHT_Kigabit_(RtF-BoxBounce)_28s.route</file>
		<file version="0.6">!CONFIG/routes/TrCTF-DangerousCrossing_BE_LHT_Kigabit_(LtR-High)_42s.route</file>
		<file version="0.6">!CONFIG/routes/TrCTF-DangerousCrossing_BE_LHT_Kigabit_(LtR-Low)_32s.route</file>
		<file version="0.6">!CONFIG/routes/TrCTF-DangerousCrossing_BE_LHT_Kigabit_(RtL-High)_33s.route</file>
		<file version="0.6">!CONFIG/routes/TrCTF-DangerousCrossing_BE_LHT_Kigabit_(RtL-Low)_29s.route</file>
		<file version="0.6">!CONFIG/routes/TrCTF-Drydock_BE_LHT_Kigabit_(BtF-BackLeft)_35s.route</file>
		<file version="0.6">!CONFIG/routes/TrCTF-Drydock_BE_LHT_Kigabit_(BtF-BackRight)_37s.route</file>
		<file version="0.6">!CONFIG/routes/TrCTF-Drydock_BE_LHT_Kigabit_(BtF-OverCliff)_40s.route</file>
		<file version="0.6">!CONFIG/routes/TrCTF-Drydock_BE_LHT_Kigabit_(LtR)_29s.route</file>
		<file version="0.6">!CONFIG/routes/TrCTF-Drydock_BE_LHT_Kigabit_(LtR-Tower)_31s.route</file>
		<file version="0.6">!CONFIG/routes/TrCTF-Drydock_BE_LHT_Kigabit_(Pub-BounceReturn)_26s.route</file>
		<file version="0.6">!CONFIG/routes/TrCTF-Drydock_BE_LHT_Kigabit_(RtL-BounceReturn)_33s.route</file>
		<file version="0.6">!CONFIG/routes/TrCTF-Drydock_DS_LHT_Kigabit_(BtF-BackLeft)_34s.route</file>
		<file version="0.6">!CONFIG/routes/TrCTF-Drydock_DS_LHT_Kigabit_(Pub-BounceReturn)_25s.route</file>
		<file version="0.6">!CONFIG/routes/TrCTF-Katabatic_BE_LHT_Kigabit_(BackLeft)_33s.route</file>
		<file version="0.6">!CONFIG/routes/TrCTF-Katabatic_BE_LHT_Kigabit_(BackRight-LeftSetup)_47s.route</file>
		<file version="0.6">!CONFIG/routes/TrCTF-Katabatic_BE_LHT_Kigabit_(BackRight-ShortSetup)_27s.route</file>
		<file version="0.6">!CONFIG/routes/TrCTF-Katabatic_BE_LHT_Kigabit_(BackRight-Standard)_36s.route</file>
		<file version="0.6">!CONFIG/routes/TrCTF-Katabatic_BE_LHT_Kigabit_(BtF-Bounce)_31s.route</file>
		<file version="0.6">!CONFIG/routes/TrCTF-Katabatic_BE_LHT_Kigabit_(BtF-StandardNoBounce)_35s.route</file>
		<file version="0.6">!CONFIG/routes/TrCTF-Katabatic_BE_LHT_Kigabit_(BtF-ThroughBase)_39s.route</file>
		<file version="0.6">!CONFIG/routes/TrCTF-Katabatic_BE_LHT_Kigabit_(FtB)_47s.route</file>
		<file version="0.6">!CONFIG/routes/TrCTF-Katabatic_BE_LHT_Kigabit_(LtR-RockBounceReturn)_29s.route</file>
		<file version="0.6">!CONFIG/routes/TrCTF-Katabatic_BE_LHT_Kigabit_(LtR-TurretBounceReturn)_29s.route</file>
		<file version="0.6">!CONFIG/routes/TrCTF-Katabatic_BE_LHT_Kigabit_(RtL)_35s.route</file>
		<file version="0.6">!CONFIG/routes/TrCTF-Katabatic_BE_LHT_Kigabit_(RtL-BounceReturn)_38s.route</file>
		<file version="0.6">!CONFIG/routes/TrCTF-Katabatic_BE_LHT_Kigabit_(RtL-Standard)_34s.route</file>
		<file version="0.6">!CONFIG/routes/TrCTF-Katabatic_DS_LHT_Kigabit_(BtF-Standard)_38s.route</file>
		<file version="0.6">!CONFIG/routes/TrCTF-Katabatic_DS_LHT_Kigabit_(BtF-StandardBounces)_34s.route</file>
		<file version="0.6">!CONFIG/routes/TrCTF-Katabatic_DS_LHT_Kigabit_(Front-Turret)_37s.route</file>
		<file version="0.6">!CONFIG/routes/TrCTF-Katabatic_DS_LHT_Kigabit_(LtR-Standard)_29s.route</file>
		<file version="0.6">!CONFIG/routes/TrCTF-Katabatic_DS_LHT_Kigabit_(Radar-Standard)_45s.route</file>
		<file version="0.6">!CONFIG/routes/TrCTF-Katabatic_DS_LHT_Kigabit_(RtF-Standard)_44s.route</file>
		<file version="0.6">!CONFIG/routes/TrCTF-Permafrost_BE_LHT_Kigabit_(BackLeftBounce)_39s.route</file>
		<file version="0.6">!CONFIG/routes/TrCTF-Permafrost_BE_LHT_Kigabit_(BackRight)_38s.route</file>
		<file version="0.6">!CONFIG/routes/TrCTF-Permafrost_BE_LHT_Kigabit_(BtF-LeftSetup)_43s.route</file>
		<file version="0.6">!CONFIG/routes/TrCTF-Permafrost_BE_LHT_Kigabit_(BtF-RightSetup)_42s.route</file>
		<file version="0.6">!CONFIG/routes/TrCTF-Permafrost_BE_LHT_Kigabit_(LtR-Standard)_37s.route</file>
		<file version="0.6">!CONFIG/routes/TrCTF-Permafrost_BE_LHT_Kigabit_(RtL-FrontRight)_40s.route</file>
		<file version="0.6">!CONFIG/routes/TrCTF-Permafrost_BE_LHT_Kigabit_(RtL-High)_44s.route</file>
		<file version="0.6">!CONFIG/routes/TrCTF-Raindance_BE_LHT_Kigabit_(LtR-BigRockBounce)_44s.route</file>
		<file version="0.6">!CONFIG/routes/TrCTF-Raindance_BE_LHT_Kigabit_(LtR-Bowl)_44s.route</file>
		<file version="0.6">!CONFIG/routes/TrCTF-Raindance_BE_LHT_Kigabit_(LtR-High)_41s.route</file>
		<file version="0.6">!CONFIG/routes/TrCTF-Raindance_BE_LHT_Kigabit_(LtR-OverHill)_37s.route</file>
		<file version="0.6">!CONFIG/routes/TrCTF-Raindance_BE_LHT_Kigabit_(LtR-SmallRockBounce)_38s.route</file>
		<file version="0.6">!CONFIG/routes/TrCTF-Raindance_BE_LHT_Kigabit_(RtL-BounceReturn)_35s.route</file>
		<file version="0.6">!CONFIG/routes/TrCTF-Raindance_BE_LHT_Kigabit_(RtL-CloseBounceReturn)_32s.route</file>
		<file version="0.6">!CONFIG/routes/TrCTF-RuinsOfHarabec_BE_LHT_Kigabit_(BackLeft)_41s.route</file>
		<file version="0.6">!CONFIG/routes/TrCTF-RuinsOfHarabec_BE_LHT_Kigabit_(BackRight)_48s.route</file>
		<file version="0.6">!CONFIG/routes/TrCTF-SunStar_BE_LHT_Kigabit_(BackLeftBounceThrust)_31s.route</file>
		<file version="0.6">!CONFIG/routes/TrCTF-SunStar_BE_LHT_Kigabit_(BackRight)_46s.route</file>
		<file version="0.6">!CONFIG/routes/TrCTF-SunStar_BE_LHT_Kigabit_(BtF)_48s.route</file>
		<file version="0.6">!CONFIG/routes/TrCTF-SunStar_BE_LHT_Kigabit_(LtR-HighSpawn)_31s.route</file>
		<file version="0.6">!CONFIG/routes/TrCTF-SunStar_BE_LHT_Kigabit_(LtR-LoopSetup)_51s.route</file>
		<file version="0.6">!CONFIG/routes/TrCTF-SunStar_BE_LHT_Kigabit_(RtL-Standard)_36s.route</file>
		<file version="0.6">!CONFIG/routes/TrCTF-Tartarus_BE_LHT_Kigabit_(BtF-BaseBounce)_35s.route</file>
		<file version="0.6">!CONFIG/routes/TrCTF-Tartarus_BE_LHT_Kigabit_(BtF-StandardLeftSetup)_36s.route</file>
		<file version="0.6">!CONFIG/routes/TrCTF-Tartarus_BE_LHT_Kigabit_(BtF-StandardRightSetup)_47s.route</file>
		<file version="0.6">!CONFIG/routes/TrCTF-Tartarus_BE_LHT_Kigabit_(BtF-UnderBase)_48s.route</file>
		<file version="0.6">!CONFIG/routes/TrCTF-Tartarus_BE_LHT_Kigabit_(FtF-RocketBounce)_43s.route</file>
		<file version="0.6">!CONFIG/routes/TrCTF-Tartarus_BE_LHT_Kigabit_(LtR)_33s.route</file>
		<file version="0.6">!CONFIG/routes/TrCTF-Tartarus_BE_LHT_Kigabit_(RtL-SecondIsland)_49s.route</file>
		<file version="1">Config/KeraLua.dll</file>
		<file version="1">Config/NLua.dll</file>
		<file version="1">Config/x64/lua52.dll</file>
		<file version="1">Config/x86/lua52.dll</file>
		<file version="0.62">Config/TAModsConfigurationTool.exe</file>
		<file version="0.62">TAMods.dll</file>
	</files>
</TAMods>
